<?xml version="1.0" encoding="UTF-8"?>
<testsuite xmlns:xsi="http://www.w3.org/2001/XMLSchema-instance" xsi:noNamespaceSchemaLocation="https://maven.apache.org/surefire/maven-surefire-plugin/xsd/surefire-test-report-3.0.xsd" version="3.0" name="com.tecsup.petclinic.services.PetServiceMockitoTest" time="0.371" tests="7" errors="0" skipped="0" failures="0">
  <properties>
[...]
</properties>
  <testcase name="testUpdatePet" classname="com.tecsup.petclinic.services.PetServiceMockitoTest" time="0.333">
    <system-out><![CDATA[2025-06-05T16:32:03.296-05:00  INFO 6480 --- [           main] c.t.p.services.PetServiceMockitoTest     : Pet(id=4000, name=Bear, typeId=1, ownerId=1, birthDate=null)
2025-06-05T16:32:03.306-05:00  INFO 6480 --- [           main] c.t.p.services.PetServiceMockitoTest     : {}Pet(id=4000, name=Bear2, typeId=2, ownerId=2, birthDate=null)
]]></system-out>
  </testcase>
  <testcase name="testFindPetByName" classname="com.tecsup.petclinic.services.PetServiceMockitoTest" time="0.004">
    <system-out><![CDATA[2025-06-05T16:32:03.329-05:00  INFO 6480 --- [           main] c.t.petclinic.services.PetServiceImpl    : Pet(id=1, name=Leo, typeId=1, ownerId=1, birthDate=null)
]]></system-out>
  </testcase>
  <testcase name="testFindPetById" classname="com.tecsup.petclinic.services.PetServiceMockitoTest" time="0.003">
    <system-out><![CDATA[2025-06-05T16:32:03.333-05:00  INFO 6480 --- [           main] c.t.p.services.PetServiceMockitoTest     : Pet(id=1, name=Leo, typeId=1, ownerId=1, birthDate=null)
]]></system-out>
  </testcase>
  <testcase name="testFindPetByOwnerId" classname="com.tecsup.petclinic.services.PetServiceMockitoTest" time="0.003">
    <system-out><![CDATA[2025-06-05T16:32:03.337-05:00  INFO 6480 --- [           main] c.t.petclinic.services.PetServiceImpl    : Pet(id=12, name=Lucky, typeId=2, ownerId=10, birthDate=null)
2025-06-05T16:32:03.338-05:00  INFO 6480 --- [           main] c.t.petclinic.services.PetServiceImpl    : Pet(id=13, name=Sly, typeId=1, ownerId=10, birthDate=null)
]]></system-out>
  </testcase>
  <testcase name="testDeletePet" classname="com.tecsup.petclinic.services.PetServiceMockitoTest" time="0.008">
    <system-out><![CDATA[2025-06-05T16:32:03.341-05:00  INFO 6480 --- [           main] c.t.p.services.PetServiceMockitoTest     : Pet(id=2000, name=Bird, typeId=1, ownerId=1, birthDate=null)
]]></system-out>
  </testcase>
  <testcase name="testCreatePet" classname="com.tecsup.petclinic.services.PetServiceMockitoTest" time="0.006">
    <system-out><![CDATA[2025-06-05T16:32:03.352-05:00  INFO 6480 --- [           main] c.t.p.services.PetServiceMockitoTest     : Pet created : Pet(id=1000, name=Punky, typeId=1, ownerId=1, birthDate=null)
]]></system-out>
  </testcase>
  <testcase name="testFindPetByTypeId" classname="com.tecsup.petclinic.services.PetServiceMockitoTest" time="0.003">
    <system-out><![CDATA[2025-06-05T16:32:03.358-05:00  INFO 6480 --- [           main] c.t.petclinic.services.PetServiceImpl    : Pet(id=9, name=Lucky, typeId=5, ownerId=7, birthDate=null)
2025-06-05T16:32:03.358-05:00  INFO 6480 --- [           main] c.t.petclinic.services.PetServiceImpl    : Pet(id=11, name=Freddy, typeId=5, ownerId=9, birthDate=null)
]]></system-out>
  </testcase>
</testsuite>